<?xml version="1.0" encoding="UTF-8"?>
<testsuite time='0.005903' skipped='0' failures='0' errors='0' name="TestRanges" assertions='38' tests='7'>
  <testcase time='0.000222' name="test_iterator" assertions='1'>
  </testcase>
  <testcase time='0.000142' name="test_nominal" assertions='6'>
  </testcase>
  <testcase time='0.000269' name="test_append" assertions='7'>
  </testcase>
  <testcase time='0.000319' name="test_incremental" assertions='16'>
  </testcase>
  <testcase time='0.000504' name="test_errors" assertions='2'>
  </testcase>
  <testcase time='0.000120' name="test_size" assertions='4'>
  </testcase>
  <testcase time='0.004327' name="test_union" assertions='2'>
  </testcase>
</testsuite>
