<?xml version="1.0" encoding="UTF-8"?>
<testsuite time='0.000041' skipped='0' failures='0' errors='0' name="TestAssert::when asked about blending possibilities" assertions='2' tests='1'>
  <testcase time='0.000041' name="test_0001_won't say no" assertions='2'>
  </testcase>
</testsuite>
