<?xml version="1.0" encoding="UTF-8"?>
<testsuite time='0.004553' skipped='0' failures='0' errors='0' name="TestTrig" assertions='6' tests='2'>
  <testcase time='0.004514' name="test_pi_2" assertions='3'>
  </testcase>
  <testcase time='0.000039' name="test_trig_0" assertions='3'>
  </testcase>
</testsuite>
